<?xml version="1.0" encoding="UTF-8"?>
<!-- Generated by org.testng.reporters.JUnitXMLReporter -->
<testsuite ignored="0" hostname="win2019" failures="0" tests="3" name="Default test" time="90.755" errors="0" timestamp="2024-08-20T04:17:42 PDT">
  <testcase classname="Five_url_browser_testng.five_url" name="ChromeBrowserLaunch" time="28.879"/>
  <testcase classname="Five_url_browser_testng.five_url" name="EdgeBroswerLaunch" time="29.827"/>
  <testcase classname="Five_url_browser_testng.five_url" name="FirefoxBroswerLaunch" time="31.973"/>
</testsuite> <!-- Default test -->
