<?xml version="1.0" encoding="UTF-8"?>
<testng-results ignored="0" total="3" passed="3" failed="0" skipped="0">
  <reporter-output>
  </reporter-output>
  <suite started-at="2024-08-20T04:16:12 PDT" name="Default suite" finished-at="2024-08-20T04:17:42 PDT" duration-ms="90755">
    <groups>
    </groups>
    <test started-at="2024-08-20T04:16:12 PDT" name="Default test" finished-at="2024-08-20T04:17:42 PDT" duration-ms="90755">
      <class name="Five_url_browser_testng.five_url">
        <test-method signature="ChromeBrowserLaunch()[pri:1, instance:Five_url_browser_testng.five_url@479d31f3]" started-at="2024-08-20T04:16:12 PDT" name="ChromeBrowserLaunch" finished-at="2024-08-20T04:16:41 PDT" duration-ms="28879" status="PASS">
          <reporter-output>
          </reporter-output>
        </test-method> <!-- ChromeBrowserLaunch -->
        <test-method signature="EdgeBroswerLaunch()[pri:2, instance:Five_url_browser_testng.five_url@479d31f3]" started-at="2024-08-20T04:16:41 PDT" name="EdgeBroswerLaunch" finished-at="2024-08-20T04:17:10 PDT" duration-ms="29827" status="PASS">
          <reporter-output>
          </reporter-output>
        </test-method> <!-- EdgeBroswerLaunch -->
        <test-method signature="FirefoxBroswerLaunch()[pri:3, instance:Five_url_browser_testng.five_url@479d31f3]" started-at="2024-08-20T04:17:10 PDT" name="FirefoxBroswerLaunch" finished-at="2024-08-20T04:17:42 PDT" duration-ms="31973" status="PASS">
          <reporter-output>
          </reporter-output>
        </test-method> <!-- FirefoxBroswerLaunch -->
      </class> <!-- Five_url_browser_testng.five_url -->
    </test> <!-- Default test -->
  </suite> <!-- Default suite -->
</testng-results>
