<?xml version="1.0" encoding="UTF-8"?>
<testng-results ignored="0" total="1" passed="1" failed="0" skipped="0">
  <reporter-output>
  </reporter-output>
  <suite started-at="2024-08-26T09:02:31 PDT" name="Default suite" finished-at="2024-08-26T09:02:48 PDT" duration-ms="17209">
    <groups>
    </groups>
    <test started-at="2024-08-26T09:02:31 PDT" name="Default test" finished-at="2024-08-26T09:02:48 PDT" duration-ms="17209">
      <class name="Drop_down_casestudy.Facebook_page">
        <test-method signature="Dropdown1()[pri:0, instance:Drop_down_casestudy.Facebook_page@43195e57]" started-at="2024-08-26T09:02:31 PDT" name="Dropdown1" finished-at="2024-08-26T09:02:48 PDT" duration-ms="17169" status="PASS">
          <reporter-output>
          </reporter-output>
        </test-method> <!-- Dropdown1 -->
      </class> <!-- Drop_down_casestudy.Facebook_page -->
    </test> <!-- Default test -->
  </suite> <!-- Default suite -->
</testng-results>
